

Started GET "/" for 127.0.0.1 at 2016-03-21 01:19:08 -0400

ActiveRecord::PendingMigrationError (

Migrations are pending. To resolve this issue, run:

	bin/rake db:migrate RAILS_ENV=development

):
  activerecord (4.1.5) lib/active_record/migration.rb:389:in `check_pending!'
  activerecord (4.1.5) lib/active_record/migration.rb:377:in `call'
  actionpack (4.1.5) lib/action_dispatch/middleware/callbacks.rb:29:in `block in call'
  activesupport (4.1.5) lib/active_support/callbacks.rb:82:in `run_callbacks'
  actionpack (4.1.5) lib/action_dispatch/middleware/callbacks.rb:27:in `call'
  actionpack (4.1.5) lib/action_dispatch/middleware/reloader.rb:73:in `call'
  actionpack (4.1.5) lib/action_dispatch/middleware/remote_ip.rb:76:in `call'
  actionpack (4.1.5) lib/action_dispatch/middleware/debug_exceptions.rb:17:in `call'
  actionpack (4.1.5) lib/action_dispatch/middleware/show_exceptions.rb:30:in `call'
  railties (4.1.5) lib/rails/rack/logger.rb:38:in `call_app'
  railties (4.1.5) lib/rails/rack/logger.rb:20:in `block in call'
  activesupport (4.1.5) lib/active_support/tagged_logging.rb:68:in `block in tagged'
  activesupport (4.1.5) lib/active_support/tagged_logging.rb:26:in `tagged'
  activesupport (4.1.5) lib/active_support/tagged_logging.rb:68:in `tagged'
  railties (4.1.5) lib/rails/rack/logger.rb:20:in `call'
  actionpack (4.1.5) lib/action_dispatch/middleware/request_id.rb:21:in `call'
  rack (1.5.2) lib/rack/methodoverride.rb:21:in `call'
  rack (1.5.2) lib/rack/runtime.rb:17:in `call'
  activesupport (4.1.5) lib/active_support/cache/strategy/local_cache_middleware.rb:26:in `call'
  rack (1.5.2) lib/rack/lock.rb:17:in `call'
  actionpack (4.1.5) lib/action_dispatch/middleware/static.rb:64:in `call'
  rack (1.5.2) lib/rack/sendfile.rb:112:in `call'
  railties (4.1.5) lib/rails/engine.rb:514:in `call'
  railties (4.1.5) lib/rails/application.rb:144:in `call'
  rack (1.5.2) lib/rack/lock.rb:17:in `call'
  rack (1.5.2) lib/rack/content_length.rb:14:in `call'
  rack (1.5.2) lib/rack/handler/webrick.rb:60:in `service'
  /usr/lib/ruby/2.2.0/webrick/httpserver.rb:138:in `service'
  /usr/lib/ruby/2.2.0/webrick/httpserver.rb:94:in `run'
  /usr/lib/ruby/2.2.0/webrick/server.rb:294:in `block in start_thread'


  Rendered /var/lib/gems/2.2.0/gems/actionpack-4.1.5/lib/action_dispatch/middleware/templates/rescues/_source.erb (0.7ms)
  Rendered /var/lib/gems/2.2.0/gems/actionpack-4.1.5/lib/action_dispatch/middleware/templates/rescues/_trace.html.erb (1.5ms)
  Rendered /var/lib/gems/2.2.0/gems/actionpack-4.1.5/lib/action_dispatch/middleware/templates/rescues/_request_and_response.html.erb (1.4ms)
  Rendered /var/lib/gems/2.2.0/gems/actionpack-4.1.5/lib/action_dispatch/middleware/templates/rescues/diagnostics.erb within rescues/layout (23.0ms)
  [1m[36m (93.9ms)[0m  [1mCREATE TABLE "schema_migrations" ("version" varchar(255) NOT NULL) [0m
  [1m[35m (0.2ms)[0m  select sqlite_version(*)
  [1m[36m (87.8ms)[0m  [1mCREATE UNIQUE INDEX "unique_schema_migrations" ON "schema_migrations" ("version")[0m
  [1m[35mActiveRecord::SchemaMigration Load (0.2ms)[0m  SELECT "schema_migrations".* FROM "schema_migrations"
Migrating to CreateTodoLists (20141012144309)
  [1m[36m (0.2ms)[0m  [1mbegin transaction[0m
  [1m[35m (0.9ms)[0m  CREATE TABLE "todo_lists" ("id" INTEGER PRIMARY KEY AUTOINCREMENT NOT NULL, "title" varchar(255), "description" text, "created_at" datetime, "updated_at" datetime) 
  [1m[36mSQL (0.3ms)[0m  [1mINSERT INTO "schema_migrations" ("version") VALUES (?)[0m  [["version", "20141012144309"]]
  [1m[35m (104.8ms)[0m  commit transaction
Migrating to CreateTodoItems (20141012144541)
  [1m[36m (0.1ms)[0m  [1mbegin transaction[0m
  [1m[35m (0.8ms)[0m  CREATE TABLE "todo_items" ("id" INTEGER PRIMARY KEY AUTOINCREMENT NOT NULL, "content" varchar(255), "todo_list_id" integer, "created_at" datetime, "updated_at" datetime) 
  [1m[36m (0.4ms)[0m  [1mCREATE  INDEX "index_todo_items_on_todo_list_id" ON "todo_items" ("todo_list_id")[0m
  [1m[35mSQL (0.2ms)[0m  INSERT INTO "schema_migrations" ("version") VALUES (?)  [["version", "20141012144541"]]
  [1m[36m (105.0ms)[0m  [1mcommit transaction[0m
Migrating to AddCompletedAtToTodoItems (20141012150146)
  [1m[35m (0.1ms)[0m  begin transaction
  [1m[36m (0.7ms)[0m  [1mALTER TABLE "todo_items" ADD "completed_at" datetime[0m
  [1m[35mSQL (0.3ms)[0m  INSERT INTO "schema_migrations" ("version") VALUES (?)  [["version", "20141012150146"]]
  [1m[36m (75.1ms)[0m  [1mcommit transaction[0m
  [1m[35mActiveRecord::SchemaMigration Load (0.2ms)[0m  SELECT "schema_migrations".* FROM "schema_migrations"
  [1m[36m (0.3ms)[0m  [1m            SELECT sql
            FROM sqlite_master
            WHERE name='index_todo_items_on_todo_list_id' AND type='index'
            UNION ALL
            SELECT sql
            FROM sqlite_temp_master
            WHERE name='index_todo_items_on_todo_list_id' AND type='index'
[0m


Started GET "/" for 127.0.0.1 at 2016-03-21 01:19:45 -0400
  [1m[36mActiveRecord::SchemaMigration Load (0.2ms)[0m  [1mSELECT "schema_migrations".* FROM "schema_migrations"[0m
Processing by TodoListsController#index as HTML
  [1m[35mTodoList Load (0.2ms)[0m  SELECT "todo_lists".* FROM "todo_lists"
  Rendered todo_lists/index.html.erb within layouts/application (2.8ms)
Completed 200 OK in 1370ms (Views: 1353.3ms | ActiveRecord: 0.2ms)


Started GET "/assets/application.css?body=1" for 127.0.0.1 at 2016-03-21 01:19:47 -0400


Started GET "/assets/jquery.js?body=1" for 127.0.0.1 at 2016-03-21 01:19:47 -0400


Started GET "/assets/jquery_ujs.js?body=1" for 127.0.0.1 at 2016-03-21 01:19:47 -0400


Started GET "/assets/turbolinks.js?body=1" for 127.0.0.1 at 2016-03-21 01:19:47 -0400


Started GET "/assets/todo_items.js?body=1" for 127.0.0.1 at 2016-03-21 01:19:47 -0400


Started GET "/assets/todo_lists.js?body=1" for 127.0.0.1 at 2016-03-21 01:19:47 -0400


Started GET "/assets/application.js?body=1" for 127.0.0.1 at 2016-03-21 01:19:47 -0400


Started GET "/todo_lists/new" for 127.0.0.1 at 2016-03-21 01:44:22 -0400
Processing by TodoListsController#new as HTML
  Rendered todo_lists/_form.html.erb (21.3ms)
  Rendered todo_lists/new.html.erb within layouts/application (25.4ms)
Completed 200 OK in 64ms (Views: 62.4ms | ActiveRecord: 0.4ms)


Started POST "/todo_lists" for 127.0.0.1 at 2016-03-21 01:44:39 -0400
Processing by TodoListsController#create as HTML
  Parameters: {"utf8"=>"✓", "authenticity_token"=>"+y5BS1mk384exJvPVRNO5nB3qTN54o8LkDysxyA1D8w=", "todo_list"=>{"title"=>"1st ", "description"=>""}, "commit"=>"Create Todo list"}
  [1m[36m (0.1ms)[0m  [1mbegin transaction[0m
  [1m[35mSQL (0.6ms)[0m  INSERT INTO "todo_lists" ("created_at", "description", "title", "updated_at") VALUES (?, ?, ?, ?)  [["created_at", "2016-03-21 05:44:39.632486"], ["description", ""], ["title", "1st "], ["updated_at", "2016-03-21 05:44:39.632486"]]
  [1m[36m (244.7ms)[0m  [1mcommit transaction[0m
Redirected to http://localhost:3000/todo_lists/1
Completed 302 Found in 253ms (ActiveRecord: 245.4ms)


Started GET "/todo_lists/1" for 127.0.0.1 at 2016-03-21 01:44:39 -0400
Processing by TodoListsController#show as HTML
  Parameters: {"id"=>"1"}
  [1m[35mTodoList Load (0.4ms)[0m  SELECT  "todo_lists".* FROM "todo_lists"  WHERE "todo_lists"."id" = ? LIMIT 1  [["id", 1]]
  [1m[36mTodoItem Load (0.2ms)[0m  [1mSELECT "todo_items".* FROM "todo_items"  WHERE "todo_items"."todo_list_id" = ?[0m  [["todo_list_id", 1]]
  Rendered collection (0.0ms)
  Rendered todo_items/_form.html.erb (16.1ms)
  Rendered todo_lists/show.html.erb within layouts/application (40.2ms)
Completed 200 OK in 87ms (Views: 82.6ms | ActiveRecord: 1.2ms)


Started GET "/assets/application.css?body=1" for 127.0.0.1 at 2016-03-21 01:44:40 -0400


Started GET "/assets/todo_lists.js?body=1" for 127.0.0.1 at 2016-03-21 01:44:40 -0400


Started GET "/assets/turbolinks.js?body=1" for 127.0.0.1 at 2016-03-21 01:44:40 -0400


Started GET "/assets/application.js?body=1" for 127.0.0.1 at 2016-03-21 01:44:40 -0400


Started GET "/assets/jquery_ujs.js?body=1" for 127.0.0.1 at 2016-03-21 01:44:40 -0400


Started GET "/assets/jquery.js?body=1" for 127.0.0.1 at 2016-03-21 01:44:40 -0400


Started GET "/assets/todo_items.js?body=1" for 127.0.0.1 at 2016-03-21 01:44:40 -0400


Started GET "/todo_lists" for 127.0.0.1 at 2016-03-21 01:44:43 -0400
Processing by TodoListsController#index as HTML
  [1m[35mTodoList Load (0.5ms)[0m  SELECT "todo_lists".* FROM "todo_lists"
  Rendered todo_lists/index.html.erb within layouts/application (2.7ms)
Completed 200 OK in 51ms (Views: 49.3ms | ActiveRecord: 0.5ms)


Started GET "/todo_lists/new" for 127.0.0.1 at 2016-03-21 01:44:45 -0400
Processing by TodoListsController#new as HTML
  Rendered todo_lists/_form.html.erb (3.0ms)
  Rendered todo_lists/new.html.erb within layouts/application (4.6ms)
Completed 200 OK in 49ms (Views: 47.9ms | ActiveRecord: 0.0ms)


Started POST "/todo_lists" for 127.0.0.1 at 2016-03-21 01:45:09 -0400
Processing by TodoListsController#create as HTML
  Parameters: {"utf8"=>"✓", "authenticity_token"=>"+y5BS1mk384exJvPVRNO5nB3qTN54o8LkDysxyA1D8w=", "todo_list"=>{"title"=>"2nd", "description"=>"2nd thing to do"}, "commit"=>"Create Todo list"}
  [1m[36m (0.2ms)[0m  [1mbegin transaction[0m
  [1m[35mSQL (0.4ms)[0m  INSERT INTO "todo_lists" ("created_at", "description", "title", "updated_at") VALUES (?, ?, ?, ?)  [["created_at", "2016-03-21 05:45:09.178302"], ["description", "2nd thing to do"], ["title", "2nd"], ["updated_at", "2016-03-21 05:45:09.178302"]]
  [1m[36m (237.3ms)[0m  [1mcommit transaction[0m
Redirected to http://localhost:3000/todo_lists/2
Completed 302 Found in 245ms (ActiveRecord: 237.8ms)


Started GET "/todo_lists/2" for 127.0.0.1 at 2016-03-21 01:45:09 -0400
Processing by TodoListsController#show as HTML
  Parameters: {"id"=>"2"}
  [1m[35mTodoList Load (0.2ms)[0m  SELECT  "todo_lists".* FROM "todo_lists"  WHERE "todo_lists"."id" = ? LIMIT 1  [["id", 2]]
  [1m[36mTodoItem Load (0.1ms)[0m  [1mSELECT "todo_items".* FROM "todo_items"  WHERE "todo_items"."todo_list_id" = ?[0m  [["todo_list_id", 2]]
  Rendered collection (0.0ms)
  Rendered todo_items/_form.html.erb (3.6ms)
  Rendered todo_lists/show.html.erb within layouts/application (6.9ms)
Completed 200 OK in 89ms (Views: 85.8ms | ActiveRecord: 0.3ms)


Started GET "/assets/application.css?body=1" for 127.0.0.1 at 2016-03-21 01:45:09 -0400


Started GET "/assets/jquery_ujs.js?body=1" for 127.0.0.1 at 2016-03-21 01:45:09 -0400


Started GET "/assets/turbolinks.js?body=1" for 127.0.0.1 at 2016-03-21 01:45:09 -0400


Started GET "/assets/application.js?body=1" for 127.0.0.1 at 2016-03-21 01:45:09 -0400


Started GET "/assets/todo_items.js?body=1" for 127.0.0.1 at 2016-03-21 01:45:09 -0400


Started GET "/assets/jquery.js?body=1" for 127.0.0.1 at 2016-03-21 01:45:09 -0400


Started GET "/assets/todo_lists.js?body=1" for 127.0.0.1 at 2016-03-21 01:45:09 -0400


Started GET "/todo_lists/2/edit" for 127.0.0.1 at 2016-03-21 01:45:14 -0400
Processing by TodoListsController#edit as HTML
  Parameters: {"id"=>"2"}
  [1m[35mTodoList Load (0.2ms)[0m  SELECT  "todo_lists".* FROM "todo_lists"  WHERE "todo_lists"."id" = ? LIMIT 1  [["id", 2]]
  Rendered todo_lists/_form.html.erb (2.4ms)
  Rendered todo_lists/edit.html.erb within layouts/application (3.9ms)
Completed 200 OK in 50ms (Views: 48.5ms | ActiveRecord: 0.2ms)


Started PATCH "/todo_lists/2" for 127.0.0.1 at 2016-03-21 01:45:17 -0400
Processing by TodoListsController#update as HTML
  Parameters: {"utf8"=>"✓", "authenticity_token"=>"+y5BS1mk384exJvPVRNO5nB3qTN54o8LkDysxyA1D8w=", "todo_list"=>{"title"=>"2nd", "description"=>"2nd thing to do"}, "commit"=>"Update Todo list", "id"=>"2"}
  [1m[36mTodoList Load (0.2ms)[0m  [1mSELECT  "todo_lists".* FROM "todo_lists"  WHERE "todo_lists"."id" = ? LIMIT 1[0m  [["id", 2]]
  [1m[35m (0.1ms)[0m  begin transaction
  [1m[36m (0.1ms)[0m  [1mcommit transaction[0m
Redirected to http://localhost:3000/todo_lists/2
Completed 302 Found in 5ms (ActiveRecord: 0.4ms)


Started GET "/todo_lists/2" for 127.0.0.1 at 2016-03-21 01:45:17 -0400
Processing by TodoListsController#show as HTML
  Parameters: {"id"=>"2"}
  [1m[35mTodoList Load (0.2ms)[0m  SELECT  "todo_lists".* FROM "todo_lists"  WHERE "todo_lists"."id" = ? LIMIT 1  [["id", 2]]
  [1m[36mTodoItem Load (0.2ms)[0m  [1mSELECT "todo_items".* FROM "todo_items"  WHERE "todo_items"."todo_list_id" = ?[0m  [["todo_list_id", 2]]
  Rendered collection (0.0ms)
  Rendered todo_items/_form.html.erb (3.1ms)
  Rendered todo_lists/show.html.erb within layouts/application (6.7ms)
Completed 200 OK in 70ms (Views: 66.8ms | ActiveRecord: 0.4ms)


Started GET "/assets/jquery.js?body=1" for 127.0.0.1 at 2016-03-21 01:45:17 -0400


Started GET "/assets/jquery_ujs.js?body=1" for 127.0.0.1 at 2016-03-21 01:45:17 -0400


Started GET "/assets/turbolinks.js?body=1" for 127.0.0.1 at 2016-03-21 01:45:17 -0400


Started GET "/assets/todo_lists.js?body=1" for 127.0.0.1 at 2016-03-21 01:45:17 -0400


Started GET "/assets/todo_items.js?body=1" for 127.0.0.1 at 2016-03-21 01:45:17 -0400


Started GET "/assets/application.css?body=1" for 127.0.0.1 at 2016-03-21 01:45:17 -0400


Started GET "/assets/application.js?body=1" for 127.0.0.1 at 2016-03-21 01:45:17 -0400


Started GET "/todo_lists" for 127.0.0.1 at 2016-03-21 01:45:20 -0400
Processing by TodoListsController#index as HTML
  [1m[35mTodoList Load (0.3ms)[0m  SELECT "todo_lists".* FROM "todo_lists"
  Rendered todo_lists/index.html.erb within layouts/application (2.0ms)
Completed 200 OK in 65ms (Views: 63.7ms | ActiveRecord: 0.3ms)


Started GET "/todo_lists/new" for 127.0.0.1 at 2016-03-21 01:45:23 -0400
Processing by TodoListsController#new as HTML
  Rendered todo_lists/_form.html.erb (3.7ms)
  Rendered todo_lists/new.html.erb within layouts/application (5.3ms)
Completed 200 OK in 75ms (Views: 73.4ms | ActiveRecord: 0.0ms)


Started POST "/todo_lists" for 127.0.0.1 at 2016-03-21 01:45:37 -0400
Processing by TodoListsController#create as HTML
  Parameters: {"utf8"=>"✓", "authenticity_token"=>"+y5BS1mk384exJvPVRNO5nB3qTN54o8LkDysxyA1D8w=", "todo_list"=>{"title"=>"2nd", "description"=>"3rd thing to do"}, "commit"=>"Create Todo list"}
  [1m[36m (0.1ms)[0m  [1mbegin transaction[0m
  [1m[35mSQL (0.3ms)[0m  INSERT INTO "todo_lists" ("created_at", "description", "title", "updated_at") VALUES (?, ?, ?, ?)  [["created_at", "2016-03-21 05:45:37.694973"], ["description", "3rd thing to do"], ["title", "2nd"], ["updated_at", "2016-03-21 05:45:37.694973"]]
  [1m[36m (197.8ms)[0m  [1mcommit transaction[0m
Redirected to http://localhost:3000/todo_lists/3
Completed 302 Found in 203ms (ActiveRecord: 198.2ms)


Started GET "/todo_lists/3" for 127.0.0.1 at 2016-03-21 01:45:37 -0400
Processing by TodoListsController#show as HTML
  Parameters: {"id"=>"3"}
  [1m[35mTodoList Load (0.2ms)[0m  SELECT  "todo_lists".* FROM "todo_lists"  WHERE "todo_lists"."id" = ? LIMIT 1  [["id", 3]]
  [1m[36mTodoItem Load (0.1ms)[0m  [1mSELECT "todo_items".* FROM "todo_items"  WHERE "todo_items"."todo_list_id" = ?[0m  [["todo_list_id", 3]]
  Rendered collection (0.0ms)
  Rendered todo_items/_form.html.erb (1.8ms)
  Rendered todo_lists/show.html.erb within layouts/application (4.0ms)
Completed 200 OK in 42ms (Views: 39.8ms | ActiveRecord: 0.4ms)


Started GET "/assets/application.css?body=1" for 127.0.0.1 at 2016-03-21 01:45:38 -0400


Started GET "/assets/jquery_ujs.js?body=1" for 127.0.0.1 at 2016-03-21 01:45:38 -0400


Started GET "/assets/todo_items.js?body=1" for 127.0.0.1 at 2016-03-21 01:45:38 -0400


Started GET "/assets/todo_lists.js?body=1" for 127.0.0.1 at 2016-03-21 01:45:38 -0400


Started GET "/assets/jquery.js?body=1" for 127.0.0.1 at 2016-03-21 01:45:38 -0400


Started GET "/assets/turbolinks.js?body=1" for 127.0.0.1 at 2016-03-21 01:45:38 -0400


Started GET "/assets/application.js?body=1" for 127.0.0.1 at 2016-03-21 01:45:38 -0400


Started GET "/todo_lists" for 127.0.0.1 at 2016-03-21 01:45:41 -0400
Processing by TodoListsController#index as HTML
  [1m[35mTodoList Load (0.2ms)[0m  SELECT "todo_lists".* FROM "todo_lists"
  Rendered todo_lists/index.html.erb within layouts/application (1.5ms)
Completed 200 OK in 38ms (Views: 37.4ms | ActiveRecord: 0.2ms)


Started GET "/todo_lists/new" for 127.0.0.1 at 2016-03-21 01:45:43 -0400
Processing by TodoListsController#new as HTML
  Rendered todo_lists/_form.html.erb (2.1ms)
  Rendered todo_lists/new.html.erb within layouts/application (3.1ms)
Completed 200 OK in 43ms (Views: 42.0ms | ActiveRecord: 0.0ms)


Started POST "/todo_lists" for 127.0.0.1 at 2016-03-21 01:45:54 -0400
Processing by TodoListsController#create as HTML
  Parameters: {"utf8"=>"✓", "authenticity_token"=>"+y5BS1mk384exJvPVRNO5nB3qTN54o8LkDysxyA1D8w=", "todo_list"=>{"title"=>"3rd", "description"=>"3rd thing to do"}, "commit"=>"Create Todo list"}
  [1m[36m (0.1ms)[0m  [1mbegin transaction[0m
  [1m[35mSQL (0.3ms)[0m  INSERT INTO "todo_lists" ("created_at", "description", "title", "updated_at") VALUES (?, ?, ?, ?)  [["created_at", "2016-03-21 05:45:54.854304"], ["description", "3rd thing to do"], ["title", "3rd"], ["updated_at", "2016-03-21 05:45:54.854304"]]
  [1m[36m (197.2ms)[0m  [1mcommit transaction[0m
Redirected to http://localhost:3000/todo_lists/4
Completed 302 Found in 202ms (ActiveRecord: 197.5ms)


Started GET "/todo_lists/4" for 127.0.0.1 at 2016-03-21 01:45:55 -0400
Processing by TodoListsController#show as HTML
  Parameters: {"id"=>"4"}
  [1m[35mTodoList Load (0.3ms)[0m  SELECT  "todo_lists".* FROM "todo_lists"  WHERE "todo_lists"."id" = ? LIMIT 1  [["id", 4]]
  [1m[36mTodoItem Load (0.1ms)[0m  [1mSELECT "todo_items".* FROM "todo_items"  WHERE "todo_items"."todo_list_id" = ?[0m  [["todo_list_id", 4]]
  Rendered collection (0.0ms)
  Rendered todo_items/_form.html.erb (2.4ms)
  Rendered todo_lists/show.html.erb within layouts/application (4.9ms)
Completed 200 OK in 48ms (Views: 45.6ms | ActiveRecord: 0.4ms)


Started GET "/assets/application.css?body=1" for 127.0.0.1 at 2016-03-21 01:45:55 -0400


Started GET "/assets/jquery.js?body=1" for 127.0.0.1 at 2016-03-21 01:45:55 -0400


Started GET "/assets/jquery_ujs.js?body=1" for 127.0.0.1 at 2016-03-21 01:45:55 -0400


Started GET "/assets/todo_items.js?body=1" for 127.0.0.1 at 2016-03-21 01:45:55 -0400


Started GET "/assets/turbolinks.js?body=1" for 127.0.0.1 at 2016-03-21 01:45:55 -0400


Started GET "/assets/todo_lists.js?body=1" for 127.0.0.1 at 2016-03-21 01:45:55 -0400


Started GET "/assets/application.js?body=1" for 127.0.0.1 at 2016-03-21 01:45:55 -0400


Started GET "/todo_lists" for 127.0.0.1 at 2016-03-21 01:45:56 -0400
Processing by TodoListsController#index as HTML
  [1m[35mTodoList Load (0.2ms)[0m  SELECT "todo_lists".* FROM "todo_lists"
  Rendered todo_lists/index.html.erb within layouts/application (1.6ms)
Completed 200 OK in 37ms (Views: 36.4ms | ActiveRecord: 0.2ms)


Started GET "/todo_lists/4" for 127.0.0.1 at 2016-03-21 01:46:09 -0400
Processing by TodoListsController#show as HTML
  Parameters: {"id"=>"4"}
  [1m[36mTodoList Load (0.2ms)[0m  [1mSELECT  "todo_lists".* FROM "todo_lists"  WHERE "todo_lists"."id" = ? LIMIT 1[0m  [["id", 4]]
  [1m[35mTodoItem Load (0.1ms)[0m  SELECT "todo_items".* FROM "todo_items"  WHERE "todo_items"."todo_list_id" = ?  [["todo_list_id", 4]]
  Rendered collection (0.0ms)
  Rendered todo_items/_form.html.erb (2.6ms)
  Rendered todo_lists/show.html.erb within layouts/application (6.2ms)
Completed 200 OK in 46ms (Views: 43.3ms | ActiveRecord: 0.4ms)


Started POST "/todo_lists/4/todo_items" for 127.0.0.1 at 2016-03-21 01:46:20 -0400
Processing by TodoItemsController#create as HTML
  Parameters: {"utf8"=>"✓", "authenticity_token"=>"+y5BS1mk384exJvPVRNO5nB3qTN54o8LkDysxyA1D8w=", "todo_item"=>{"content"=>"abcdef"}, "commit"=>"Create Todo item", "todo_list_id"=>"4"}
  [1m[36mTodoList Load (0.2ms)[0m  [1mSELECT  "todo_lists".* FROM "todo_lists"  WHERE "todo_lists"."id" = ? LIMIT 1[0m  [["id", 4]]
  [1m[35m (0.1ms)[0m  begin transaction
  [1m[36mSQL (0.4ms)[0m  [1mINSERT INTO "todo_items" ("content", "created_at", "todo_list_id", "updated_at") VALUES (?, ?, ?, ?)[0m  [["content", "abcdef"], ["created_at", "2016-03-21 05:46:20.396179"], ["todo_list_id", 4], ["updated_at", "2016-03-21 05:46:20.396179"]]
  [1m[35m (199.1ms)[0m  commit transaction
Redirected to http://localhost:3000/todo_lists/4
Completed 302 Found in 207ms (ActiveRecord: 199.7ms)


Started GET "/todo_lists/4" for 127.0.0.1 at 2016-03-21 01:46:20 -0400
Processing by TodoListsController#show as HTML
  Parameters: {"id"=>"4"}
  [1m[36mTodoList Load (0.2ms)[0m  [1mSELECT  "todo_lists".* FROM "todo_lists"  WHERE "todo_lists"."id" = ? LIMIT 1[0m  [["id", 4]]
  [1m[35mTodoItem Load (0.1ms)[0m  SELECT "todo_items".* FROM "todo_items"  WHERE "todo_items"."todo_list_id" = ?  [["todo_list_id", 4]]
  Rendered todo_items/_todo_item.html.erb (1.9ms)
  Rendered todo_items/_form.html.erb (1.6ms)
  Rendered todo_lists/show.html.erb within layouts/application (6.6ms)
Completed 200 OK in 45ms (Views: 43.7ms | ActiveRecord: 0.2ms)


Started GET "/assets/jquery.js?body=1" for 127.0.0.1 at 2016-03-21 01:46:20 -0400


Started GET "/assets/todo_items.js?body=1" for 127.0.0.1 at 2016-03-21 01:46:20 -0400


Started GET "/assets/jquery_ujs.js?body=1" for 127.0.0.1 at 2016-03-21 01:46:20 -0400


Started GET "/assets/application.css?body=1" for 127.0.0.1 at 2016-03-21 01:46:20 -0400


Started GET "/assets/turbolinks.js?body=1" for 127.0.0.1 at 2016-03-21 01:46:20 -0400


Started GET "/assets/todo_lists.js?body=1" for 127.0.0.1 at 2016-03-21 01:46:20 -0400


Started GET "/assets/application.js?body=1" for 127.0.0.1 at 2016-03-21 01:46:20 -0400


Started POST "/todo_lists/4/todo_items" for 127.0.0.1 at 2016-03-21 01:46:28 -0400
Processing by TodoItemsController#create as HTML
  Parameters: {"utf8"=>"✓", "authenticity_token"=>"+y5BS1mk384exJvPVRNO5nB3qTN54o8LkDysxyA1D8w=", "todo_item"=>{"content"=>"asdfg"}, "commit"=>"Create Todo item", "todo_list_id"=>"4"}
  [1m[36mTodoList Load (0.1ms)[0m  [1mSELECT  "todo_lists".* FROM "todo_lists"  WHERE "todo_lists"."id" = ? LIMIT 1[0m  [["id", 4]]
  [1m[35m (0.1ms)[0m  begin transaction
  [1m[36mSQL (0.3ms)[0m  [1mINSERT INTO "todo_items" ("content", "created_at", "todo_list_id", "updated_at") VALUES (?, ?, ?, ?)[0m  [["content", "asdfg"], ["created_at", "2016-03-21 05:46:28.903640"], ["todo_list_id", 4], ["updated_at", "2016-03-21 05:46:28.903640"]]
  [1m[35m (281.6ms)[0m  commit transaction
Redirected to http://localhost:3000/todo_lists/4
Completed 302 Found in 287ms (ActiveRecord: 282.1ms)


Started GET "/todo_lists/4" for 127.0.0.1 at 2016-03-21 01:46:29 -0400
Processing by TodoListsController#show as HTML
  Parameters: {"id"=>"4"}
  [1m[36mTodoList Load (0.2ms)[0m  [1mSELECT  "todo_lists".* FROM "todo_lists"  WHERE "todo_lists"."id" = ? LIMIT 1[0m  [["id", 4]]
  [1m[35mTodoItem Load (0.2ms)[0m  SELECT "todo_items".* FROM "todo_items"  WHERE "todo_items"."todo_list_id" = ?  [["todo_list_id", 4]]
  Rendered todo_items/_todo_item.html.erb (1.0ms)
  Rendered todo_items/_form.html.erb (1.8ms)
  Rendered todo_lists/show.html.erb within layouts/application (6.3ms)
Completed 200 OK in 51ms (Views: 48.6ms | ActiveRecord: 0.4ms)


Started GET "/assets/jquery_ujs.js?body=1" for 127.0.0.1 at 2016-03-21 01:46:29 -0400


Started GET "/assets/todo_items.js?body=1" for 127.0.0.1 at 2016-03-21 01:46:29 -0400


Started GET "/assets/turbolinks.js?body=1" for 127.0.0.1 at 2016-03-21 01:46:29 -0400


Started GET "/assets/application.css?body=1" for 127.0.0.1 at 2016-03-21 01:46:29 -0400


Started GET "/assets/todo_lists.js?body=1" for 127.0.0.1 at 2016-03-21 01:46:29 -0400


Started GET "/assets/jquery.js?body=1" for 127.0.0.1 at 2016-03-21 01:46:29 -0400


Started GET "/assets/application.js?body=1" for 127.0.0.1 at 2016-03-21 01:46:29 -0400


Started DELETE "/todo_lists/4/todo_items/1" for 127.0.0.1 at 2016-03-21 01:46:32 -0400
Processing by TodoItemsController#destroy as HTML
  Parameters: {"authenticity_token"=>"+y5BS1mk384exJvPVRNO5nB3qTN54o8LkDysxyA1D8w=", "todo_list_id"=>"4", "id"=>"1"}
  [1m[36mTodoList Load (0.2ms)[0m  [1mSELECT  "todo_lists".* FROM "todo_lists"  WHERE "todo_lists"."id" = ? LIMIT 1[0m  [["id", 4]]
  [1m[35mTodoItem Load (0.4ms)[0m  SELECT  "todo_items".* FROM "todo_items"  WHERE "todo_items"."todo_list_id" = ? AND "todo_items"."id" = ? LIMIT 1  [["todo_list_id", 4], ["id", 1]]
  [1m[36m (0.3ms)[0m  [1mbegin transaction[0m
  [1m[35mSQL (0.6ms)[0m  DELETE FROM "todo_items" WHERE "todo_items"."id" = ?  [["id", 1]]
  [1m[36m (124.3ms)[0m  [1mcommit transaction[0m
Redirected to http://localhost:3000/todo_lists/4
Completed 302 Found in 133ms (ActiveRecord: 125.6ms)


Started GET "/todo_lists/4" for 127.0.0.1 at 2016-03-21 01:46:32 -0400
Processing by TodoListsController#show as HTML
  Parameters: {"id"=>"4"}
  [1m[35mTodoList Load (0.3ms)[0m  SELECT  "todo_lists".* FROM "todo_lists"  WHERE "todo_lists"."id" = ? LIMIT 1  [["id", 4]]
  [1m[36mTodoItem Load (0.1ms)[0m  [1mSELECT "todo_items".* FROM "todo_items"  WHERE "todo_items"."todo_list_id" = ?[0m  [["todo_list_id", 4]]
  Rendered todo_items/_todo_item.html.erb (0.5ms)
  Rendered todo_items/_form.html.erb (1.6ms)
  Rendered todo_lists/show.html.erb within layouts/application (5.1ms)
Completed 200 OK in 49ms (Views: 45.6ms | ActiveRecord: 0.4ms)


Started GET "/assets/application.css?body=1" for 127.0.0.1 at 2016-03-21 01:46:32 -0400


Started GET "/assets/jquery_ujs.js?body=1" for 127.0.0.1 at 2016-03-21 01:46:32 -0400


Started GET "/assets/todo_lists.js?body=1" for 127.0.0.1 at 2016-03-21 01:46:32 -0400


Started GET "/assets/jquery.js?body=1" for 127.0.0.1 at 2016-03-21 01:46:32 -0400


Started GET "/assets/todo_items.js?body=1" for 127.0.0.1 at 2016-03-21 01:46:32 -0400


Started GET "/assets/turbolinks.js?body=1" for 127.0.0.1 at 2016-03-21 01:46:32 -0400


Started GET "/assets/application.js?body=1" for 127.0.0.1 at 2016-03-21 01:46:32 -0400


Started POST "/todo_lists/4/todo_items" for 127.0.0.1 at 2016-03-21 01:46:35 -0400
Processing by TodoItemsController#create as HTML
  Parameters: {"utf8"=>"✓", "authenticity_token"=>"+y5BS1mk384exJvPVRNO5nB3qTN54o8LkDysxyA1D8w=", "todo_item"=>{"content"=>"lkjhg"}, "commit"=>"Create Todo item", "todo_list_id"=>"4"}
  [1m[35mTodoList Load (0.3ms)[0m  SELECT  "todo_lists".* FROM "todo_lists"  WHERE "todo_lists"."id" = ? LIMIT 1  [["id", 4]]
  [1m[36m (0.1ms)[0m  [1mbegin transaction[0m
  [1m[35mSQL (0.3ms)[0m  INSERT INTO "todo_items" ("content", "created_at", "todo_list_id", "updated_at") VALUES (?, ?, ?, ?)  [["content", "lkjhg"], ["created_at", "2016-03-21 05:46:35.979763"], ["todo_list_id", 4], ["updated_at", "2016-03-21 05:46:35.979763"]]
  [1m[36m (256.1ms)[0m  [1mcommit transaction[0m
Redirected to http://localhost:3000/todo_lists/4
Completed 302 Found in 263ms (ActiveRecord: 256.8ms)


Started GET "/todo_lists/4" for 127.0.0.1 at 2016-03-21 01:46:36 -0400
Processing by TodoListsController#show as HTML
  Parameters: {"id"=>"4"}
  [1m[35mTodoList Load (0.3ms)[0m  SELECT  "todo_lists".* FROM "todo_lists"  WHERE "todo_lists"."id" = ? LIMIT 1  [["id", 4]]
  [1m[36mTodoItem Load (0.2ms)[0m  [1mSELECT "todo_items".* FROM "todo_items"  WHERE "todo_items"."todo_list_id" = ?[0m  [["todo_list_id", 4]]
  Rendered todo_items/_todo_item.html.erb (1.2ms)
  Rendered todo_items/_form.html.erb (1.8ms)
  Rendered todo_lists/show.html.erb within layouts/application (7.1ms)
Completed 200 OK in 47ms (Views: 44.6ms | ActiveRecord: 0.4ms)


Started GET "/assets/application.css?body=1" for 127.0.0.1 at 2016-03-21 01:46:36 -0400


Started GET "/assets/jquery.js?body=1" for 127.0.0.1 at 2016-03-21 01:46:36 -0400


Started GET "/assets/jquery_ujs.js?body=1" for 127.0.0.1 at 2016-03-21 01:46:36 -0400


Started GET "/assets/todo_items.js?body=1" for 127.0.0.1 at 2016-03-21 01:46:36 -0400


Started GET "/assets/todo_lists.js?body=1" for 127.0.0.1 at 2016-03-21 01:46:36 -0400


Started GET "/assets/turbolinks.js?body=1" for 127.0.0.1 at 2016-03-21 01:46:36 -0400


Started GET "/assets/application.js?body=1" for 127.0.0.1 at 2016-03-21 01:46:36 -0400


Started POST "/todo_lists/4/todo_items" for 127.0.0.1 at 2016-03-21 01:46:41 -0400
Processing by TodoItemsController#create as HTML
  Parameters: {"utf8"=>"✓", "authenticity_token"=>"+y5BS1mk384exJvPVRNO5nB3qTN54o8LkDysxyA1D8w=", "todo_item"=>{"content"=>"tgbnj"}, "commit"=>"Create Todo item", "todo_list_id"=>"4"}
  [1m[35mTodoList Load (0.2ms)[0m  SELECT  "todo_lists".* FROM "todo_lists"  WHERE "todo_lists"."id" = ? LIMIT 1  [["id", 4]]
  [1m[36m (0.1ms)[0m  [1mbegin transaction[0m
  [1m[35mSQL (0.3ms)[0m  INSERT INTO "todo_items" ("content", "created_at", "todo_list_id", "updated_at") VALUES (?, ?, ?, ?)  [["content", "tgbnj"], ["created_at", "2016-03-21 05:46:41.276091"], ["todo_list_id", 4], ["updated_at", "2016-03-21 05:46:41.276091"]]
  [1m[36m (221.3ms)[0m  [1mcommit transaction[0m
Redirected to http://localhost:3000/todo_lists/4
Completed 302 Found in 229ms (ActiveRecord: 221.9ms)


Started GET "/todo_lists/4" for 127.0.0.1 at 2016-03-21 01:46:41 -0400
Processing by TodoListsController#show as HTML
  Parameters: {"id"=>"4"}
  [1m[35mTodoList Load (0.3ms)[0m  SELECT  "todo_lists".* FROM "todo_lists"  WHERE "todo_lists"."id" = ? LIMIT 1  [["id", 4]]
  [1m[36mTodoItem Load (0.1ms)[0m  [1mSELECT "todo_items".* FROM "todo_items"  WHERE "todo_items"."todo_list_id" = ?[0m  [["todo_list_id", 4]]
  Rendered todo_items/_todo_item.html.erb (1.5ms)
  Rendered todo_items/_form.html.erb (1.6ms)
  Rendered todo_lists/show.html.erb within layouts/application (6.3ms)
Completed 200 OK in 54ms (Views: 51.6ms | ActiveRecord: 0.4ms)


Started GET "/assets/jquery.js?body=1" for 127.0.0.1 at 2016-03-21 01:46:41 -0400


Started GET "/assets/application.css?body=1" for 127.0.0.1 at 2016-03-21 01:46:41 -0400


Started GET "/assets/jquery_ujs.js?body=1" for 127.0.0.1 at 2016-03-21 01:46:41 -0400


Started GET "/assets/turbolinks.js?body=1" for 127.0.0.1 at 2016-03-21 01:46:41 -0400


Started GET "/assets/todo_lists.js?body=1" for 127.0.0.1 at 2016-03-21 01:46:41 -0400


Started GET "/assets/todo_items.js?body=1" for 127.0.0.1 at 2016-03-21 01:46:41 -0400


Started GET "/assets/application.js?body=1" for 127.0.0.1 at 2016-03-21 01:46:41 -0400


Started GET "/todo_lists/4/edit" for 127.0.0.1 at 2016-03-21 01:46:44 -0400
Processing by TodoListsController#edit as HTML
  Parameters: {"id"=>"4"}
  [1m[35mTodoList Load (0.1ms)[0m  SELECT  "todo_lists".* FROM "todo_lists"  WHERE "todo_lists"."id" = ? LIMIT 1  [["id", 4]]
  Rendered todo_lists/_form.html.erb (2.3ms)
  Rendered todo_lists/edit.html.erb within layouts/application (3.2ms)
Completed 200 OK in 42ms (Views: 40.1ms | ActiveRecord: 0.1ms)


Started PATCH "/todo_lists/4" for 127.0.0.1 at 2016-03-21 01:46:46 -0400
Processing by TodoListsController#update as HTML
  Parameters: {"utf8"=>"✓", "authenticity_token"=>"+y5BS1mk384exJvPVRNO5nB3qTN54o8LkDysxyA1D8w=", "todo_list"=>{"title"=>"3rd", "description"=>"3rd thing to do"}, "commit"=>"Update Todo list", "id"=>"4"}
  [1m[36mTodoList Load (0.2ms)[0m  [1mSELECT  "todo_lists".* FROM "todo_lists"  WHERE "todo_lists"."id" = ? LIMIT 1[0m  [["id", 4]]
  [1m[35m (0.1ms)[0m  begin transaction
  [1m[36m (0.1ms)[0m  [1mcommit transaction[0m
Redirected to http://localhost:3000/todo_lists/4
Completed 302 Found in 5ms (ActiveRecord: 0.4ms)


Started GET "/todo_lists/4" for 127.0.0.1 at 2016-03-21 01:46:46 -0400
Processing by TodoListsController#show as HTML
  Parameters: {"id"=>"4"}
  [1m[35mTodoList Load (0.5ms)[0m  SELECT  "todo_lists".* FROM "todo_lists"  WHERE "todo_lists"."id" = ? LIMIT 1  [["id", 4]]
  [1m[36mTodoItem Load (0.2ms)[0m  [1mSELECT "todo_items".* FROM "todo_items"  WHERE "todo_items"."todo_list_id" = ?[0m  [["todo_list_id", 4]]
  Rendered todo_items/_todo_item.html.erb (2.7ms)
  Rendered todo_items/_form.html.erb (2.8ms)
  Rendered todo_lists/show.html.erb within layouts/application (10.1ms)
Completed 200 OK in 52ms (Views: 49.1ms | ActiveRecord: 0.7ms)


Started GET "/assets/application.css?body=1" for 127.0.0.1 at 2016-03-21 01:46:46 -0400


Started GET "/assets/jquery.js?body=1" for 127.0.0.1 at 2016-03-21 01:46:46 -0400


Started GET "/assets/todo_items.js?body=1" for 127.0.0.1 at 2016-03-21 01:46:46 -0400


Started GET "/assets/jquery_ujs.js?body=1" for 127.0.0.1 at 2016-03-21 01:46:46 -0400


Started GET "/assets/todo_lists.js?body=1" for 127.0.0.1 at 2016-03-21 01:46:46 -0400


Started GET "/assets/turbolinks.js?body=1" for 127.0.0.1 at 2016-03-21 01:46:46 -0400


Started GET "/assets/application.js?body=1" for 127.0.0.1 at 2016-03-21 01:46:46 -0400


Started GET "/todo_lists" for 127.0.0.1 at 2016-03-21 01:46:48 -0400
Processing by TodoListsController#index as HTML
  [1m[35mTodoList Load (0.4ms)[0m  SELECT "todo_lists".* FROM "todo_lists"
  Rendered todo_lists/index.html.erb within layouts/application (2.1ms)
Completed 200 OK in 43ms (Views: 40.9ms | ActiveRecord: 0.4ms)


Started GET "/todo_lists/4" for 127.0.0.1 at 2016-03-21 01:46:51 -0400
Processing by TodoListsController#show as HTML
  Parameters: {"id"=>"4"}
  [1m[36mTodoList Load (0.2ms)[0m  [1mSELECT  "todo_lists".* FROM "todo_lists"  WHERE "todo_lists"."id" = ? LIMIT 1[0m  [["id", 4]]
  [1m[35mTodoItem Load (0.2ms)[0m  SELECT "todo_items".* FROM "todo_items"  WHERE "todo_items"."todo_list_id" = ?  [["todo_list_id", 4]]
  Rendered todo_items/_todo_item.html.erb (2.6ms)
  Rendered todo_items/_form.html.erb (1.7ms)
  Rendered todo_lists/show.html.erb within layouts/application (9.0ms)
Completed 200 OK in 55ms (Views: 52.3ms | ActiveRecord: 0.4ms)


Started PATCH "/todo_lists/4/todo_items/2/complete" for 127.0.0.1 at 2016-03-21 01:46:56 -0400
Processing by TodoItemsController#complete as HTML
  Parameters: {"authenticity_token"=>"+y5BS1mk384exJvPVRNO5nB3qTN54o8LkDysxyA1D8w=", "todo_list_id"=>"4", "id"=>"2"}
  [1m[36mTodoList Load (0.2ms)[0m  [1mSELECT  "todo_lists".* FROM "todo_lists"  WHERE "todo_lists"."id" = ? LIMIT 1[0m  [["id", 4]]
  [1m[35mTodoItem Load (0.2ms)[0m  SELECT  "todo_items".* FROM "todo_items"  WHERE "todo_items"."todo_list_id" = ? AND "todo_items"."id" = ? LIMIT 1  [["todo_list_id", 4], ["id", 2]]
  [1m[36m (0.2ms)[0m  [1mbegin transaction[0m
  [1m[35mSQL (0.5ms)[0m  UPDATE "todo_items" SET "completed_at" = ?, "updated_at" = ? WHERE "todo_items"."id" = 2  [["completed_at", "2016-03-21 05:46:56.122389"], ["updated_at", "2016-03-21 05:46:56.123681"]]
  [1m[36m (98.1ms)[0m  [1mcommit transaction[0m
Redirected to http://localhost:3000/todo_lists/4
Completed 302 Found in 108ms (ActiveRecord: 99.2ms)


Started GET "/todo_lists/4" for 127.0.0.1 at 2016-03-21 01:46:56 -0400
Processing by TodoListsController#show as HTML
  Parameters: {"id"=>"4"}
  [1m[35mTodoList Load (0.2ms)[0m  SELECT  "todo_lists".* FROM "todo_lists"  WHERE "todo_lists"."id" = ? LIMIT 1  [["id", 4]]
  [1m[36mTodoItem Load (0.2ms)[0m  [1mSELECT "todo_items".* FROM "todo_items"  WHERE "todo_items"."todo_list_id" = ?[0m  [["todo_list_id", 4]]
  Rendered todo_items/_todo_item.html.erb (1.4ms)
  Rendered todo_items/_form.html.erb (1.6ms)
  Rendered todo_lists/show.html.erb within layouts/application (6.3ms)
Completed 200 OK in 45ms (Views: 42.6ms | ActiveRecord: 0.4ms)


Started GET "/assets/jquery.js?body=1" for 127.0.0.1 at 2016-03-21 01:46:56 -0400


Started GET "/assets/application.css?body=1" for 127.0.0.1 at 2016-03-21 01:46:56 -0400


Started GET "/assets/turbolinks.js?body=1" for 127.0.0.1 at 2016-03-21 01:46:56 -0400


Started GET "/assets/jquery_ujs.js?body=1" for 127.0.0.1 at 2016-03-21 01:46:56 -0400


Started GET "/assets/todo_items.js?body=1" for 127.0.0.1 at 2016-03-21 01:46:56 -0400


Started GET "/assets/todo_lists.js?body=1" for 127.0.0.1 at 2016-03-21 01:46:56 -0400


Started GET "/assets/application.js?body=1" for 127.0.0.1 at 2016-03-21 01:46:56 -0400


Started GET "/todo_lists" for 127.0.0.1 at 2016-03-21 01:47:00 -0400
Processing by TodoListsController#index as HTML
  [1m[35mTodoList Load (0.2ms)[0m  SELECT "todo_lists".* FROM "todo_lists"
  Rendered todo_lists/index.html.erb within layouts/application (1.7ms)
Completed 200 OK in 39ms (Views: 37.8ms | ActiveRecord: 0.2ms)


Started GET "/" for 127.0.0.1 at 2016-03-21 09:20:47 -0400
  [1m[36mActiveRecord::SchemaMigration Load (0.2ms)[0m  [1mSELECT "schema_migrations".* FROM "schema_migrations"[0m
Processing by TodoListsController#index as HTML
  [1m[35mTodoList Load (0.2ms)[0m  SELECT "todo_lists".* FROM "todo_lists"
  Rendered todo_lists/index.html.erb within layouts/application (9.7ms)
Completed 200 OK in 166ms (Views: 138.4ms | ActiveRecord: 0.6ms)


Started GET "/assets/application.css?body=1" for 127.0.0.1 at 2016-03-21 09:20:48 -0400


Started GET "/assets/jquery.js?body=1" for 127.0.0.1 at 2016-03-21 09:20:48 -0400


Started GET "/assets/jquery_ujs.js?body=1" for 127.0.0.1 at 2016-03-21 09:20:48 -0400


Started GET "/assets/turbolinks.js?body=1" for 127.0.0.1 at 2016-03-21 09:20:48 -0400


Started GET "/assets/todo_items.js?body=1" for 127.0.0.1 at 2016-03-21 09:20:48 -0400


Started GET "/assets/todo_lists.js?body=1" for 127.0.0.1 at 2016-03-21 09:20:48 -0400


Started GET "/assets/application.js?body=1" for 127.0.0.1 at 2016-03-21 09:20:48 -0400


Started GET "/todo_lists/4" for 127.0.0.1 at 2016-03-21 09:20:56 -0400
Processing by TodoListsController#show as HTML
  Parameters: {"id"=>"4"}
  [1m[36mTodoList Load (0.3ms)[0m  [1mSELECT  "todo_lists".* FROM "todo_lists"  WHERE "todo_lists"."id" = ? LIMIT 1[0m  [["id", 4]]
  [1m[35mTodoItem Load (0.3ms)[0m  SELECT "todo_items".* FROM "todo_items"  WHERE "todo_items"."todo_list_id" = ?  [["todo_list_id", 4]]
  Rendered todo_items/_todo_item.html.erb (2.6ms)
  Rendered todo_items/_form.html.erb (44.6ms)
  Rendered todo_lists/show.html.erb within layouts/application (89.4ms)
Completed 200 OK in 128ms (Views: 123.9ms | ActiveRecord: 1.1ms)


Started GET "/todo_lists/3" for 127.0.0.1 at 2016-03-21 09:21:05 -0400
Processing by TodoListsController#show as HTML
  Parameters: {"id"=>"3"}
  [1m[36mTodoList Load (0.1ms)[0m  [1mSELECT  "todo_lists".* FROM "todo_lists"  WHERE "todo_lists"."id" = ? LIMIT 1[0m  [["id", 3]]
  [1m[35mTodoItem Load (0.1ms)[0m  SELECT "todo_items".* FROM "todo_items"  WHERE "todo_items"."todo_list_id" = ?  [["todo_list_id", 3]]
  Rendered collection (0.0ms)
  Rendered todo_items/_form.html.erb (1.9ms)
  Rendered todo_lists/show.html.erb within layouts/application (4.3ms)
Completed 200 OK in 41ms (Views: 39.0ms | ActiveRecord: 0.2ms)


Started GET "/todo_lists" for 127.0.0.1 at 2016-03-21 09:22:49 -0400
Processing by TodoListsController#index as HTML
  [1m[36mTodoList Load (0.4ms)[0m  [1mSELECT "todo_lists".* FROM "todo_lists"[0m
  Rendered todo_lists/index.html.erb within layouts/application (2.9ms)
Completed 200 OK in 48ms (Views: 46.9ms | ActiveRecord: 0.4ms)


Started GET "/assets/application.css?body=1" for 127.0.0.1 at 2016-03-21 09:22:49 -0400


Started GET "/assets/turbolinks.js?body=1" for 127.0.0.1 at 2016-03-21 09:22:49 -0400


Started GET "/assets/jquery_ujs.js?body=1" for 127.0.0.1 at 2016-03-21 09:22:49 -0400


Started GET "/assets/todo_items.js?body=1" for 127.0.0.1 at 2016-03-21 09:22:49 -0400


Started GET "/assets/todo_lists.js?body=1" for 127.0.0.1 at 2016-03-21 09:22:49 -0400


Started GET "/assets/jquery.js?body=1" for 127.0.0.1 at 2016-03-21 09:22:49 -0400


Started GET "/assets/application.js?body=1" for 127.0.0.1 at 2016-03-21 09:22:49 -0400


Started GET "/todo_lists/3" for 127.0.0.1 at 2016-03-21 09:22:51 -0400
Processing by TodoListsController#show as HTML
  Parameters: {"id"=>"3"}
  [1m[35mTodoList Load (0.1ms)[0m  SELECT  "todo_lists".* FROM "todo_lists"  WHERE "todo_lists"."id" = ? LIMIT 1  [["id", 3]]
  [1m[36mTodoItem Load (0.1ms)[0m  [1mSELECT "todo_items".* FROM "todo_items"  WHERE "todo_items"."todo_list_id" = ?[0m  [["todo_list_id", 3]]
  Rendered collection (0.0ms)
  Rendered todo_items/_form.html.erb (1.7ms)
  Rendered todo_lists/show.html.erb within layouts/application (4.0ms)
Completed 200 OK in 41ms (Views: 40.0ms | ActiveRecord: 0.2ms)


Started DELETE "/todo_lists/3" for 127.0.0.1 at 2016-03-21 09:22:57 -0400
Processing by TodoListsController#destroy as HTML
  Parameters: {"authenticity_token"=>"+y5BS1mk384exJvPVRNO5nB3qTN54o8LkDysxyA1D8w=", "id"=>"3"}
  [1m[35mTodoList Load (0.2ms)[0m  SELECT  "todo_lists".* FROM "todo_lists"  WHERE "todo_lists"."id" = ? LIMIT 1  [["id", 3]]
  [1m[36m (0.2ms)[0m  [1mbegin transaction[0m
  [1m[35mSQL (0.3ms)[0m  DELETE FROM "todo_lists" WHERE "todo_lists"."id" = ?  [["id", 3]]
  [1m[36m (76.7ms)[0m  [1mcommit transaction[0m
Redirected to http://localhost:3000/
Completed 302 Found in 82ms (ActiveRecord: 77.3ms)


Started GET "/" for 127.0.0.1 at 2016-03-21 09:22:57 -0400
Processing by TodoListsController#index as HTML
  [1m[35mTodoList Load (0.3ms)[0m  SELECT "todo_lists".* FROM "todo_lists"
  Rendered todo_lists/index.html.erb within layouts/application (1.9ms)
Completed 200 OK in 40ms (Views: 38.6ms | ActiveRecord: 0.3ms)


Started GET "/assets/application.css?body=1" for 127.0.0.1 at 2016-03-21 09:22:57 -0400


Started GET "/assets/jquery_ujs.js?body=1" for 127.0.0.1 at 2016-03-21 09:22:57 -0400


Started GET "/assets/todo_items.js?body=1" for 127.0.0.1 at 2016-03-21 09:22:57 -0400


Started GET "/assets/jquery.js?body=1" for 127.0.0.1 at 2016-03-21 09:22:57 -0400


Started GET "/assets/turbolinks.js?body=1" for 127.0.0.1 at 2016-03-21 09:22:57 -0400


Started GET "/assets/todo_lists.js?body=1" for 127.0.0.1 at 2016-03-21 09:22:57 -0400


Started GET "/assets/application.js?body=1" for 127.0.0.1 at 2016-03-21 09:22:57 -0400


Started GET "/todo_lists/4" for 127.0.0.1 at 2016-03-21 09:22:59 -0400
Processing by TodoListsController#show as HTML
  Parameters: {"id"=>"4"}
  [1m[36mTodoList Load (0.2ms)[0m  [1mSELECT  "todo_lists".* FROM "todo_lists"  WHERE "todo_lists"."id" = ? LIMIT 1[0m  [["id", 4]]
  [1m[35mTodoItem Load (0.1ms)[0m  SELECT "todo_items".* FROM "todo_items"  WHERE "todo_items"."todo_list_id" = ?  [["todo_list_id", 4]]
  Rendered todo_items/_todo_item.html.erb (1.8ms)
  Rendered todo_items/_form.html.erb (2.5ms)
  Rendered todo_lists/show.html.erb within layouts/application (8.2ms)
Completed 200 OK in 47ms (Views: 45.2ms | ActiveRecord: 0.3ms)


Started DELETE "/todo_lists/4/todo_items/4" for 127.0.0.1 at 2016-03-21 09:23:04 -0400
Processing by TodoItemsController#destroy as HTML
  Parameters: {"authenticity_token"=>"+y5BS1mk384exJvPVRNO5nB3qTN54o8LkDysxyA1D8w=", "todo_list_id"=>"4", "id"=>"4"}
  [1m[36mTodoList Load (0.3ms)[0m  [1mSELECT  "todo_lists".* FROM "todo_lists"  WHERE "todo_lists"."id" = ? LIMIT 1[0m  [["id", 4]]
  [1m[35mTodoItem Load (0.4ms)[0m  SELECT  "todo_items".* FROM "todo_items"  WHERE "todo_items"."todo_list_id" = ? AND "todo_items"."id" = ? LIMIT 1  [["todo_list_id", 4], ["id", 4]]
  [1m[36m (0.2ms)[0m  [1mbegin transaction[0m
  [1m[35mSQL (0.6ms)[0m  DELETE FROM "todo_items" WHERE "todo_items"."id" = ?  [["id", 4]]
  [1m[36m (195.9ms)[0m  [1mcommit transaction[0m
Redirected to http://localhost:3000/todo_lists/4
Completed 302 Found in 206ms (ActiveRecord: 197.3ms)


Started GET "/todo_lists/4" for 127.0.0.1 at 2016-03-21 09:23:04 -0400
Processing by TodoListsController#show as HTML
  Parameters: {"id"=>"4"}
  [1m[35mTodoList Load (0.1ms)[0m  SELECT  "todo_lists".* FROM "todo_lists"  WHERE "todo_lists"."id" = ? LIMIT 1  [["id", 4]]
  [1m[36mTodoItem Load (0.2ms)[0m  [1mSELECT "todo_items".* FROM "todo_items"  WHERE "todo_items"."todo_list_id" = ?[0m  [["todo_list_id", 4]]
  Rendered todo_items/_todo_item.html.erb (2.7ms)
  Rendered todo_items/_form.html.erb (2.7ms)
  Rendered todo_lists/show.html.erb within layouts/application (9.8ms)
Completed 200 OK in 50ms (Views: 48.4ms | ActiveRecord: 0.3ms)


Started GET "/assets/application.css?body=1" for 127.0.0.1 at 2016-03-21 09:23:04 -0400


Started GET "/assets/jquery.js?body=1" for 127.0.0.1 at 2016-03-21 09:23:04 -0400


Started GET "/assets/turbolinks.js?body=1" for 127.0.0.1 at 2016-03-21 09:23:04 -0400


Started GET "/assets/todo_lists.js?body=1" for 127.0.0.1 at 2016-03-21 09:23:04 -0400


Started GET "/assets/jquery_ujs.js?body=1" for 127.0.0.1 at 2016-03-21 09:23:04 -0400


Started GET "/assets/todo_items.js?body=1" for 127.0.0.1 at 2016-03-21 09:23:04 -0400


Started GET "/assets/application.js?body=1" for 127.0.0.1 at 2016-03-21 09:23:04 -0400


Started GET "/todo_lists/4/edit" for 127.0.0.1 at 2016-03-21 09:23:08 -0400
Processing by TodoListsController#edit as HTML
  Parameters: {"id"=>"4"}
  [1m[35mTodoList Load (0.2ms)[0m  SELECT  "todo_lists".* FROM "todo_lists"  WHERE "todo_lists"."id" = ? LIMIT 1  [["id", 4]]
  Rendered todo_lists/_form.html.erb (6.4ms)
  Rendered todo_lists/edit.html.erb within layouts/application (8.5ms)
Completed 200 OK in 47ms (Views: 44.8ms | ActiveRecord: 0.2ms)


Started PATCH "/todo_lists/4" for 127.0.0.1 at 2016-03-21 09:23:10 -0400
Processing by TodoListsController#update as HTML
  Parameters: {"utf8"=>"✓", "authenticity_token"=>"+y5BS1mk384exJvPVRNO5nB3qTN54o8LkDysxyA1D8w=", "todo_list"=>{"title"=>"3rd", "description"=>"3rd thing to do"}, "commit"=>"Update Todo list", "id"=>"4"}
  [1m[36mTodoList Load (0.2ms)[0m  [1mSELECT  "todo_lists".* FROM "todo_lists"  WHERE "todo_lists"."id" = ? LIMIT 1[0m  [["id", 4]]
  [1m[35m (0.1ms)[0m  begin transaction
  [1m[36m (0.1ms)[0m  [1mcommit transaction[0m
Redirected to http://localhost:3000/todo_lists/4
Completed 302 Found in 5ms (ActiveRecord: 0.4ms)


Started GET "/todo_lists/4" for 127.0.0.1 at 2016-03-21 09:23:10 -0400
Processing by TodoListsController#show as HTML
  Parameters: {"id"=>"4"}
  [1m[35mTodoList Load (0.1ms)[0m  SELECT  "todo_lists".* FROM "todo_lists"  WHERE "todo_lists"."id" = ? LIMIT 1  [["id", 4]]
  [1m[36mTodoItem Load (0.1ms)[0m  [1mSELECT "todo_items".* FROM "todo_items"  WHERE "todo_items"."todo_list_id" = ?[0m  [["todo_list_id", 4]]
  Rendered todo_items/_todo_item.html.erb (1.6ms)
  Rendered todo_items/_form.html.erb (3.0ms)
  Rendered todo_lists/show.html.erb within layouts/application (8.3ms)
Completed 200 OK in 45ms (Views: 43.7ms | ActiveRecord: 0.3ms)


Started GET "/assets/application.css?body=1" for 127.0.0.1 at 2016-03-21 09:23:11 -0400


Started GET "/assets/jquery.js?body=1" for 127.0.0.1 at 2016-03-21 09:23:11 -0400


Started GET "/assets/todo_items.js?body=1" for 127.0.0.1 at 2016-03-21 09:23:11 -0400


Started GET "/assets/todo_lists.js?body=1" for 127.0.0.1 at 2016-03-21 09:23:11 -0400


Started GET "/assets/jquery_ujs.js?body=1" for 127.0.0.1 at 2016-03-21 09:23:11 -0400


Started GET "/assets/turbolinks.js?body=1" for 127.0.0.1 at 2016-03-21 09:23:11 -0400


Started GET "/assets/application.js?body=1" for 127.0.0.1 at 2016-03-21 09:23:11 -0400


Started GET "/todo_lists" for 127.0.0.1 at 2016-03-21 09:23:16 -0400
Processing by TodoListsController#index as HTML
  [1m[35mTodoList Load (0.2ms)[0m  SELECT "todo_lists".* FROM "todo_lists"
  Rendered todo_lists/index.html.erb within layouts/application (2.1ms)
Completed 200 OK in 45ms (Views: 44.1ms | ActiveRecord: 0.2ms)


Started GET "/todo_lists/1" for 127.0.0.1 at 2016-03-21 09:23:20 -0400
Processing by TodoListsController#show as HTML
  Parameters: {"id"=>"1"}
  [1m[36mTodoList Load (0.2ms)[0m  [1mSELECT  "todo_lists".* FROM "todo_lists"  WHERE "todo_lists"."id" = ? LIMIT 1[0m  [["id", 1]]
  [1m[35mTodoItem Load (0.1ms)[0m  SELECT "todo_items".* FROM "todo_items"  WHERE "todo_items"."todo_list_id" = ?  [["todo_list_id", 1]]
  Rendered collection (0.0ms)
  Rendered todo_items/_form.html.erb (3.3ms)
  Rendered todo_lists/show.html.erb within layouts/application (7.2ms)
Completed 200 OK in 48ms (Views: 45.6ms | ActiveRecord: 0.3ms)


Started GET "/todo_lists/1/edit" for 127.0.0.1 at 2016-03-21 09:23:23 -0400
Processing by TodoListsController#edit as HTML
  Parameters: {"id"=>"1"}
  [1m[36mTodoList Load (0.2ms)[0m  [1mSELECT  "todo_lists".* FROM "todo_lists"  WHERE "todo_lists"."id" = ? LIMIT 1[0m  [["id", 1]]
  Rendered todo_lists/_form.html.erb (5.5ms)
  Rendered todo_lists/edit.html.erb within layouts/application (6.7ms)
Completed 200 OK in 53ms (Views: 51.1ms | ActiveRecord: 0.2ms)


Started GET "/todo_lists" for 127.0.0.1 at 2016-03-21 09:23:26 -0400
Processing by TodoListsController#index as HTML
  [1m[35mTodoList Load (0.2ms)[0m  SELECT "todo_lists".* FROM "todo_lists"
  Rendered todo_lists/index.html.erb within layouts/application (1.4ms)
Completed 200 OK in 39ms (Views: 37.8ms | ActiveRecord: 0.2ms)


Started GET "/todo_lists" for 127.0.0.1 at 2016-03-21 09:23:30 -0400
Processing by TodoListsController#index as HTML
  [1m[36mTodoList Load (0.3ms)[0m  [1mSELECT "todo_lists".* FROM "todo_lists"[0m
  Rendered todo_lists/index.html.erb within layouts/application (2.1ms)
Completed 200 OK in 45ms (Views: 43.9ms | ActiveRecord: 0.3ms)


Started GET "/assets/application.css?body=1" for 127.0.0.1 at 2016-03-21 09:23:30 -0400


Started GET "/assets/todo_lists.js?body=1" for 127.0.0.1 at 2016-03-21 09:23:30 -0400


Started GET "/assets/jquery_ujs.js?body=1" for 127.0.0.1 at 2016-03-21 09:23:30 -0400


Started GET "/assets/turbolinks.js?body=1" for 127.0.0.1 at 2016-03-21 09:23:30 -0400


Started GET "/assets/jquery.js?body=1" for 127.0.0.1 at 2016-03-21 09:23:30 -0400


Started GET "/assets/todo_items.js?body=1" for 127.0.0.1 at 2016-03-21 09:23:30 -0400


Started GET "/assets/application.js?body=1" for 127.0.0.1 at 2016-03-21 09:23:30 -0400


Started GET "/" for 127.0.0.1 at 2016-03-21 09:23:37 -0400
Processing by TodoListsController#index as HTML
  [1m[35mTodoList Load (0.3ms)[0m  SELECT "todo_lists".* FROM "todo_lists"
  Rendered todo_lists/index.html.erb within layouts/application (2.5ms)
Completed 200 OK in 56ms (Views: 54.7ms | ActiveRecord: 0.3ms)


Started GET "/assets/jquery.js?body=1" for 127.0.0.1 at 2016-03-21 09:23:37 -0400


Started GET "/assets/jquery_ujs.js?body=1" for 127.0.0.1 at 2016-03-21 09:23:37 -0400


Started GET "/assets/todo_lists.js?body=1" for 127.0.0.1 at 2016-03-21 09:23:37 -0400


Started GET "/assets/application.css?body=1" for 127.0.0.1 at 2016-03-21 09:23:37 -0400


Started GET "/assets/todo_items.js?body=1" for 127.0.0.1 at 2016-03-21 09:23:37 -0400


Started GET "/assets/turbolinks.js?body=1" for 127.0.0.1 at 2016-03-21 09:23:37 -0400


Started GET "/assets/application.js?body=1" for 127.0.0.1 at 2016-03-21 09:23:37 -0400
